C51 COMPILER V9.59.0.0   MAIN                                                              03/02/2022 21:37:11 PAGE 1   


C51 COMPILER V9.59.0.0, COMPILATION OF MODULE MAIN
OBJECT MODULE PLACED IN .\Objects\main.obj
COMPILER INVOKED BY: E:\C51 CORE\C51\BIN\C51.EXE main.c OPTIMIZE(8,SPEED) BROWSE DEBUG OBJECTEXTEND PRINT(.\Listings\mai
                    -n.lst) OBJECT(.\Objects\main.obj)

line level    source

   1          #include <REGX52.H>
   2          #include "Timer0.h"
   3          #include "Key.h"
   4          #include "Nixie.h"
   5          #include "Delay.h"
   6          #include "AT24C02.h"
   7          
   8          unsigned char KeyNum;
   9          unsigned char Min,Sec,MiniSec;
  10          unsigned char RunFlag;
  11          //unsigned char Nixie_Buf[];
  12          
  13          void main()
  14          {
  15   1              Timer0_Init();
  16   1              while(1)
  17   1              {
  18   2                      KeyNum=Key();
  19   2                      if(KeyNum==1)                   //K1按键按下
  20   2                      {
  21   3                              RunFlag=!RunFlag;       //启动标志位翻转
  22   3                      }
  23   2                      if(KeyNum==2)                   //K2按键按下
  24   2                      {
  25   3                              Min=0;                          //分秒清0
  26   3                              Sec=0;
  27   3                              MiniSec=0;
  28   3                      }
  29   2                      if(KeyNum==3)                   //K3按键按下
  30   2                      {
  31   3                              AT24C02_WriteByte(0,Min);       //将分秒写入AT24C02
  32   3                              Delay(5);
  33   3                              AT24C02_WriteByte(1,Sec);
  34   3                              Delay(5);
  35   3                              AT24C02_WriteByte(2,MiniSec);
  36   3                              Delay(5);
  37   3                      }
  38   2                      if(KeyNum==4)                   //K4按键按下
  39   2                      {
  40   3                              Min=AT24C02_ReadByte(0);        //读出AT24C02数据
  41   3                              Sec=AT24C02_ReadByte(1);
  42   3                              MiniSec=AT24C02_ReadByte(2);
  43   3                      }
  44   2      //              Nixie_SetBuf(1,Min/10); //设置显示缓存，显示数据
  45   2      //              Nixie_SetBuf(2,Min%10);
  46   2      //              Nixie_SetBuf(3,11);
  47   2      //              Nixie_SetBuf(4,Sec/10);
  48   2      //              Nixie_SetBuf(5,Sec%10);
  49   2      //              Nixie_SetBuf(6,11);
  50   2      //              Nixie_SetBuf(7,MiniSec/10);
  51   2      //              Nixie_SetBuf(8,MiniSec%10);
  52   2                      Nixie_Buf[1]=Min/10;
  53   2                      Nixie_Buf[2]=Min%10;
  54   2                      Nixie_Buf[3]=11;
C51 COMPILER V9.59.0.0   MAIN                                                              03/02/2022 21:37:11 PAGE 2   

  55   2                      Nixie_Buf[4]=Sec/10;
  56   2                      Nixie_Buf[5]=Sec%10;
  57   2                      Nixie_Buf[6]=11;
  58   2                      Nixie_Buf[7]=MiniSec/10;
  59   2                      Nixie_Buf[8]=MiniSec%10;
  60   2                      
  61   2              }
  62   1      }
  63          
  64          /**
  65            * @brief  秒表驱动函数，在中断中调用
  66            * @param  无
  67            * @retval 无
  68            */
  69          void Sec_Loop(void)
  70          {
  71   1              if(RunFlag)
  72   1              {
  73   2                      MiniSec++;
  74   2                      if(MiniSec>=100)
  75   2                      {
  76   3                              MiniSec=0;
  77   3                              Sec++;
  78   3                              if(Sec>=60)
  79   3                              {
  80   4                                      Sec=0;
  81   4                                      Min++;
  82   4                                      if(Min>=60)
  83   4                                      {
  84   5                                              Min=0;
  85   5                                      }
  86   4                              }
  87   3                      }
  88   2              }
  89   1      }
  90          
  91          void Timer0_Routine() interrupt 1
  92          {
  93   1              static unsigned int T0Count1,T0Count2,T0Count3;
  94   1              TL0 = 0x18;             //设置定时初值
  95   1              TH0 = 0xFC;             //设置定时初值
  96   1              T0Count1++;
  97   1              if(T0Count1>=20)
  98   1              {
  99   2                      T0Count1=0;
 100   2                      Key_Loop();     //20ms调用一次按键驱动函数
 101   2              }
 102   1              T0Count2++;
 103   1              if(T0Count2>=2)
 104   1              {
 105   2                      T0Count2=0;
 106   2                      Nixie_Loop();//2ms调用一次数码管驱动函数
 107   2              }
 108   1              T0Count3++;
 109   1              if(T0Count3>=10)
 110   1              {
 111   2                      T0Count3=0;
 112   2                      Sec_Loop();     //10ms调用一次数秒表驱动函数
 113   2              }
 114   1      }


C51 COMPILER V9.59.0.0   MAIN                                                              03/02/2022 21:37:11 PAGE 3   

MODULE INFORMATION:   STATIC OVERLAYABLE
   CODE SIZE        =    373    ----
   CONSTANT SIZE    =   ----    ----
   XDATA SIZE       =   ----    ----
   PDATA SIZE       =   ----    ----
   DATA SIZE        =     11    ----
   IDATA SIZE       =   ----    ----
   BIT SIZE         =   ----    ----
END OF MODULE INFORMATION.


C51 COMPILATION COMPLETE.  0 WARNING(S),  0 ERROR(S)
