C51 COMPILER V9.59.0.0   MAIN                                                              03/09/2022 18:47:39 PAGE 1   


C51 COMPILER V9.59.0.0, COMPILATION OF MODULE MAIN
OBJECT MODULE PLACED IN .\Objects\main.obj
COMPILER INVOKED BY: E:\C51 CORE\C51\BIN\C51.EXE main.c OPTIMIZE(8,SPEED) BROWSE DEBUG OBJECTEXTEND PRINT(.\Listings\mai
                    -n.lst) OBJECT(.\Objects\main.obj)

line level    source

   1          #include <REGX52.H>
   2          #include "Delay.h"
   3          #include "Timer0.h"
   4          
   5          sbit DA=P2^1;
   6          
   7          unsigned char Counter,Compare;  //计数值和比较值，用于输出PWM
   8          unsigned char i;
   9          
  10          void main()
  11          {
  12   1              Timer0_Init();
  13   1              while(1)
  14   1              {
  15   2                      for(i=0;i<100;i++)
  16   2                      {
  17   3                              Compare=i;                      //设置比较值，改变PWM占空比
  18   3                              Delay(10);
  19   3                      }
  20   2                      for(i=100;i>0;i--)
  21   2                      {
  22   3                              Compare=i;                      //设置比较值，改变PWM占空比
  23   3                              Delay(10);
  24   3                      }
  25   2              }
  26   1      }
  27          
  28          void Timer0_Routine() interrupt 1
  29          {
  30   1              TL0 = 0x9C;             //设置定时初值
  31   1              TH0 = 0xFF;             //设置定时初值
  32   1              Counter++;
  33   1              Counter%=100;   //计数值变化范围限制在0~99
  34   1              if(Counter<Compare)     //计数值小于比较值
  35   1              {
  36   2                      DA=1;           //输出1
  37   2              }
  38   1              else                            //计数值大于比较值
  39   1              {
  40   2                      DA=0;           //输出0
  41   2              }
  42   1      }


MODULE INFORMATION:   STATIC OVERLAYABLE
   CODE SIZE        =    102    ----
   CONSTANT SIZE    =   ----    ----
   XDATA SIZE       =   ----    ----
   PDATA SIZE       =   ----    ----
   DATA SIZE        =      3    ----
   IDATA SIZE       =   ----    ----
   BIT SIZE         =   ----    ----
END OF MODULE INFORMATION.


C51 COMPILATION COMPLETE.  0 WARNING(S),  0 ERROR(S)
